<?xml version="1.0" encoding="UTF-8"?>
<testsuite name="com.kodilla.stream.array.ArrayOperationsTestSuite" tests="1" skipped="0" failures="0" errors="0" timestamp="2019-02-15T11:33:46" hostname="base_pc" time="0.046">
  <properties/>
  <testcase name="testGetAverage" classname="com.kodilla.stream.array.ArrayOperationsTestSuite" time="0.046"/>
  <system-out><![CDATA[2
5
4
3
5
3
11
22
43
65
41
31
65
45
34
4
3
1
3
67
]]></system-out>
  <system-err><![CDATA[]]></system-err>
</testsuite>
