<?xml version="1.0" encoding="UTF-8"?>
<testsuite name="com.kodilla.stream.array.ArrayOperationsTestSuite" tests="1" skipped="0" failures="0" errors="0" timestamp="2019-03-23T18:33:07" hostname="luke-desktop" time="0.016">
  <properties/>
  <testcase name="testGetAverage" classname="com.kodilla.stream.array.ArrayOperationsTestSuite" time="0.016"/>
  <system-out><![CDATA[2
5
4
3
5
3
11
22
43
65
41
31
65
45
34
4
3
1
3
67
]]></system-out>
  <system-err><![CDATA[]]></system-err>
</testsuite>
