<?xml version="1.0" encoding="UTF-8"?>
<testsuite name="com.kodilla.spring.portfolio.BoardTestSuite" tests="1" skipped="0" failures="0" errors="0" timestamp="2019-03-23T18:33:05" hostname="luke-desktop" time="0.001">
  <properties/>
  <testcase name="testTaskAdd" classname="com.kodilla.spring.portfolio.BoardTestSuite" time="0.001"/>
  <system-out><![CDATA[2019-03-23 19:33:05.877  INFO 3640 --- [    Test worker] .b.t.c.SpringBootTestContextBootstrapper : Neither @ContextConfiguration nor @ContextHierarchy found for test class [com.kodilla.spring.portfolio.BoardTestSuite], using SpringBootContextLoader
2019-03-23 19:33:05.877  INFO 3640 --- [    Test worker] o.s.t.c.support.AbstractContextLoader    : Could not detect default resource locations for test class [com.kodilla.spring.portfolio.BoardTestSuite]: no resource found for suffixes {-context.xml, Context.groovy}.
2019-03-23 19:33:05.878  INFO 3640 --- [    Test worker] t.c.s.AnnotationConfigContextLoaderUtils : Could not detect default configuration classes for test class [com.kodilla.spring.portfolio.BoardTestSuite]: BoardTestSuite does not declare any static, non-private, non-final, nested classes annotated with @Configuration.
2019-03-23 19:33:05.882  INFO 3640 --- [    Test worker] .b.t.c.SpringBootTestContextBootstrapper : Found @SpringBootConfiguration com.kodilla.spring.SpringRunner for test class com.kodilla.spring.portfolio.BoardTestSuite
2019-03-23 19:33:05.883  INFO 3640 --- [    Test worker] .b.t.c.SpringBootTestContextBootstrapper : Loaded default TestExecutionListener class names from location [META-INF/spring.factories]: [org.springframework.boot.test.autoconfigure.restdocs.RestDocsTestExecutionListener, org.springframework.boot.test.autoconfigure.web.client.MockRestServiceServerResetTestExecutionListener, org.springframework.boot.test.autoconfigure.web.servlet.MockMvcPrintOnlyOnFailureTestExecutionListener, org.springframework.boot.test.autoconfigure.web.servlet.WebDriverTestExecutionListener, org.springframework.boot.test.mock.mockito.MockitoTestExecutionListener, org.springframework.boot.test.mock.mockito.ResetMocksTestExecutionListener, org.springframework.test.context.web.ServletTestExecutionListener, org.springframework.test.context.support.DirtiesContextBeforeModesTestExecutionListener, org.springframework.test.context.support.DependencyInjectionTestExecutionListener, org.springframework.test.context.support.DirtiesContextTestExecutionListener, org.springframework.test.context.transaction.TransactionalTestExecutionListener, org.springframework.test.context.jdbc.SqlScriptsTestExecutionListener]
2019-03-23 19:33:05.884  INFO 3640 --- [    Test worker] .b.t.c.SpringBootTestContextBootstrapper : Using TestExecutionListeners: [org.springframework.test.context.support.DirtiesContextBeforeModesTestExecutionListener@79673b7c, org.springframework.boot.test.mock.mockito.MockitoTestExecutionListener@46278f7c, org.springframework.boot.test.autoconfigure.SpringBootDependencyInjectionTestExecutionListener@15cc87c1, org.springframework.test.context.support.DirtiesContextTestExecutionListener@21f57e95, org.springframework.boot.test.autoconfigure.restdocs.RestDocsTestExecutionListener@61091d0c, org.springframework.boot.test.autoconfigure.web.client.MockRestServiceServerResetTestExecutionListener@1b2f223e, org.springframework.boot.test.autoconfigure.web.servlet.MockMvcPrintOnlyOnFailureTestExecutionListener@6a2c5c15, org.springframework.boot.test.autoconfigure.web.servlet.WebDriverTestExecutionListener@60a79613, org.springframework.boot.test.mock.mockito.ResetMocksTestExecutionListener@496f0676]
]]></system-out>
  <system-err><![CDATA[]]></system-err>
</testsuite>
