<?xml version="1.0" encoding="UTF-8"?>
<testsuite name="com.kodilla.patterns.builder.bigmac.BigmacTestSuite" tests="1" skipped="0" failures="0" errors="0" timestamp="2019-03-23T18:33:03" hostname="luke-desktop" time="0.002">
  <properties/>
  <testcase name="testBigmacNew" classname="com.kodilla.patterns.builder.bigmac.BigmacTestSuite" time="0.002"/>
  <system-out><![CDATA[Burger{bun='Z_SEZAMEM', burgers='0', sauce='STANDARD', ingredients=[BEKON, CEBULA, PIECZARKI, SER]}
]]></system-out>
  <system-err><![CDATA[]]></system-err>
</testsuite>
