<?xml version="1.0" encoding="UTF-8"?>
<testsuite name="com.kodilla.patterns.prototype.library.LibraryTestSuite" tests="1" skipped="0" failures="0" errors="0" timestamp="2019-03-09T14:08:49" hostname="base_pc" time="0.004">
  <properties/>
  <testcase name="testGetBooks" classname="com.kodilla.patterns.prototype.library.LibraryTestSuite" time="0.004"/>
  <system-out><![CDATA[Library: [Library 1]
Book{title='Book 2', author='Writer 2', publicationDate=2019-03-08}

Library: [Library 2]
Book{title='Book 2', author='Writer 2', publicationDate=2019-03-08}

Library: [Library 3]
Book{title='Book 2', author='Writer 2', publicationDate=2019-03-08}
Book{title='Book 1', author='Writer 1', publicationDate=0010-10-10}

]]></system-out>
  <system-err><![CDATA[]]></system-err>
</testsuite>
