<?xml version="1.0" encoding="UTF-8"?>
<testsuite name="TaskFactoryTestSuite" tests="3" skipped="0" failures="0" errors="0" timestamp="2019-03-23T18:33:03" hostname="luke-desktop" time="0.002">
  <properties/>
  <testcase name="testFactoryDrivingTask" classname="TaskFactoryTestSuite" time="0.001"/>
  <testcase name="testFactoryPaintingTask" classname="TaskFactoryTestSuite" time="0.0"/>
  <testcase name="testFactoryShoppingTask" classname="TaskFactoryTestSuite" time="0.001"/>
  <system-out><![CDATA[]]></system-out>
  <system-err><![CDATA[]]></system-err>
</testsuite>
