<?xml version="1.0" encoding="UTF-8"?>
<testsuite name="com.kodilla.patterns.strategy.social.UserTestSuite" tests="2" skipped="0" failures="0" errors="0" timestamp="2019-03-23T18:33:03" hostname="luke-desktop" time="0.001">
  <properties/>
  <testcase name="testDefaultSharingStrategies" classname="com.kodilla.patterns.strategy.social.UserTestSuite" time="0.001"/>
  <testcase name="testIndividualSharingStrategy" classname="com.kodilla.patterns.strategy.social.UserTestSuite" time="0.0"/>
  <system-out><![CDATA[John sharing with: Twitter
John Wick sharing with: Snapchat
Jane sharing with: Facebook
John Wick sharing with: Snapchat
Wick sharing with: Facebook
]]></system-out>
  <system-err><![CDATA[]]></system-err>
</testsuite>
